<?xml version="1.0" encoding="UTF-8"?>
<!-- Generated by org.testng.reporters.JUnitXMLReporter -->
<testsuite ignored="0" hostname="Alan" failures="0" tests="4" name="Test" time="0.027" errors="0" timestamp="09 Oct 2019 23:41:38 GMT">
  <testcase classname="qaclickacademy.SeleniumTest" name="BrowserAutomation" time="0.0"/>
  <testcase classname="qaclickacademy.SeleniumTest" name="ElementsUi" time="0.0"/>
  <testcase classname="qaclickacademy.RESTAPITest" name="DeleteTwitter" time="0.0"/>
  <testcase classname="qaclickacademy.RESTAPITest" name="PostJira" time="0.0"/>
</testsuite> <!-- Test -->
