<?xml version="1.0" encoding="UTF-8"?>
<testng-results ignored="0" total="4" passed="4" failed="0" skipped="0">
  <reporter-output>
  </reporter-output>
  <suite started-at="2019-10-08T01:38:25Z" name="Suite" finished-at="2019-10-08T01:38:25Z" duration-ms="29">
    <groups>
    </groups>
    <test started-at="2019-10-08T01:38:25Z" name="Test" finished-at="2019-10-08T01:38:25Z" duration-ms="29">
      <class name="qaclickacademy.RESTAPITest">
        <test-method signature="DeleteTwitter()[pri:0, instance:qaclickacademy.RESTAPITest@4d49af10]" started-at="2019-10-08T01:38:25Z" name="DeleteTwitter" finished-at="2019-10-08T01:38:25Z" duration-ms="0" status="PASS">
          <reporter-output>
          </reporter-output>
        </test-method> <!-- DeleteTwitter -->
        <test-method signature="PostJira()[pri:0, instance:qaclickacademy.RESTAPITest@4d49af10]" started-at="2019-10-08T01:38:25Z" name="PostJira" finished-at="2019-10-08T01:38:25Z" duration-ms="0" status="PASS">
          <reporter-output>
          </reporter-output>
        </test-method> <!-- PostJira -->
      </class> <!-- qaclickacademy.RESTAPITest -->
      <class name="qaclickacademy.SeleniumTest">
        <test-method signature="BrowserAutomation()[pri:0, instance:qaclickacademy.SeleniumTest@429bd883]" started-at="2019-10-08T01:38:25Z" name="BrowserAutomation" finished-at="2019-10-08T01:38:25Z" duration-ms="5" status="PASS">
          <reporter-output>
          </reporter-output>
        </test-method> <!-- BrowserAutomation -->
        <test-method signature="ElementsUi()[pri:0, instance:qaclickacademy.SeleniumTest@429bd883]" started-at="2019-10-08T01:38:25Z" name="ElementsUi" finished-at="2019-10-08T01:38:25Z" duration-ms="0" status="PASS">
          <reporter-output>
          </reporter-output>
        </test-method> <!-- ElementsUi -->
      </class> <!-- qaclickacademy.SeleniumTest -->
    </test> <!-- Test -->
  </suite> <!-- Suite -->
</testng-results>
