<?xml version="1.0" encoding="UTF-8"?>
<testng-results ignored="0" total="4" passed="4" failed="0" skipped="0">
  <reporter-output>
  </reporter-output>
  <suite started-at="2019-10-09T23:41:38Z" name="Suite" finished-at="2019-10-09T23:41:38Z" duration-ms="27">
    <groups>
    </groups>
    <test started-at="2019-10-09T23:41:38Z" name="Test" finished-at="2019-10-09T23:41:38Z" duration-ms="27">
      <class name="qaclickacademy.RESTAPITest">
        <test-method signature="DeleteTwitter()[pri:0, instance:qaclickacademy.RESTAPITest@10db82ae]" started-at="2019-10-09T23:41:38Z" name="DeleteTwitter" finished-at="2019-10-09T23:41:38Z" duration-ms="0" status="PASS">
          <reporter-output>
          </reporter-output>
        </test-method> <!-- DeleteTwitter -->
        <test-method signature="PostJira()[pri:0, instance:qaclickacademy.RESTAPITest@10db82ae]" started-at="2019-10-09T23:41:38Z" name="PostJira" finished-at="2019-10-09T23:41:38Z" duration-ms="0" status="PASS">
          <reporter-output>
          </reporter-output>
        </test-method> <!-- PostJira -->
      </class> <!-- qaclickacademy.RESTAPITest -->
      <class name="qaclickacademy.SeleniumTest">
        <test-method signature="BrowserAutomation()[pri:0, instance:qaclickacademy.SeleniumTest@78dd667e]" started-at="2019-10-09T23:41:38Z" name="BrowserAutomation" finished-at="2019-10-09T23:41:38Z" duration-ms="0" status="PASS">
          <reporter-output>
          </reporter-output>
        </test-method> <!-- BrowserAutomation -->
        <test-method signature="ElementsUi()[pri:0, instance:qaclickacademy.SeleniumTest@78dd667e]" started-at="2019-10-09T23:41:38Z" name="ElementsUi" finished-at="2019-10-09T23:41:38Z" duration-ms="0" status="PASS">
          <reporter-output>
          </reporter-output>
        </test-method> <!-- ElementsUi -->
      </class> <!-- qaclickacademy.SeleniumTest -->
    </test> <!-- Test -->
  </suite> <!-- Suite -->
</testng-results>
